<?xml version="1.0" encoding="UTF-8"?>
<!-- Generated by org.testng.reporters.JUnitReportReporter -->
<testsuite hostname="DESKTOP-8US1CKT" failures="0" tests="1" name="EventBuizz.EventBuizz.NewTest" time="14.403" errors="0" timestamp="12 Jun 2019 12:44:51 GMT">
  <testcase classname="EventBuizz.EventBuizz.NewTest" name="f" time="14.403"/>
</testsuite> <!-- EventBuizz.EventBuizz.NewTest -->
