<?xml version="1.0" encoding="UTF-8"?>
<!-- Generated by org.testng.reporters.JUnitReportReporter -->
<testsuite hostname="DESKTOP-ECUBPED" failures="0" tests="3" name="EventBuizz.EventBuizz.MyAPiAutomation" time="6.874" errors="0" timestamp="09 Mar 2022 13:00:09 GMT" skipped="0">
  <testcase classname="EventBuizz.EventBuizz.MyAPiAutomation" name="GetBooks" time="4.252"/>
  <testcase classname="EventBuizz.EventBuizz.MyAPiAutomation" name="GetBooks1" time="0.791"/>
  <testcase classname="EventBuizz.EventBuizz.MyAPiAutomation" name="APiSutomation" time="1.831"/>
</testsuite> <!-- EventBuizz.EventBuizz.MyAPiAutomation -->
