<?xml version="1.0" encoding="UTF-8"?>
<!-- Generated by org.testng.reporters.JUnitReportReporter -->
<testsuite hostname="DESKTOP-ECUBPED" failures="0" tests="16" name="TimeStreamGroup.Reconstream.Login" time="11.585" errors="0" timestamp="19 Feb 2023 11:50:06 GMT" skipped="0">
  <testcase classname="TimeStreamGroup.Reconstream.Login" name="ValidateThePageTitle" time="0.094"/>
  <testcase classname="TimeStreamGroup.Reconstream.Login" name="ValidateThatSignInHeadingPersistOnTheLoginPage" time="0.096"/>
  <testcase classname="TimeStreamGroup.Reconstream.Login" name="ValidateThatLoginTextPersistOnTheLoginPage" time="0.075"/>
  <testcase classname="TimeStreamGroup.Reconstream.Login" name="ValidateUserNameFieldPersistOnTheLoginPage" time="0.466"/>
  <testcase classname="TimeStreamGroup.Reconstream.Login" name="ValidatePasswordFieldPersistOnTheLoginPage" time="0.076"/>
  <testcase classname="TimeStreamGroup.Reconstream.Login" name="ValidateForGotPasswordPersistOnTheLoginPage" time="0.077"/>
  <testcase classname="TimeStreamGroup.Reconstream.Login" name="ValidateSigInButtonPersistOnTheLoginPage" time="0.072"/>
  <testcase classname="TimeStreamGroup.Reconstream.Login" name="ValidateUserNameFieldIsEnabled" time="0.082"/>
  <testcase classname="TimeStreamGroup.Reconstream.Login" name="ValidatePasswordFieldEnabled" time="0.062"/>
  <testcase classname="TimeStreamGroup.Reconstream.Login" name="ValidateLoginWithEmptyStrtings" time="0.484"/>
  <testcase classname="TimeStreamGroup.Reconstream.Login" name="ValidateLoginWithEmptyUserName" time="1.525"/>
  <testcase classname="TimeStreamGroup.Reconstream.Login" name="ValidateLoginWithEmpPassword" time="0.446"/>
  <testcase classname="TimeStreamGroup.Reconstream.Login" name="ValidateLoginWithWrongCombination" time="1.637"/>
  <testcase classname="TimeStreamGroup.Reconstream.Login" name="ValidateLoginWithWrongCombination" time="2.200"/>
  <testcase classname="TimeStreamGroup.Reconstream.Login" name="ValidateLoginWithWrongCombination" time="1.597"/>
  <testcase classname="TimeStreamGroup.Reconstream.Login" name="ValidateLoginWithCorrectUserNameAndPassword" time="2.596"/>
</testsuite> <!-- TimeStreamGroup.Reconstream.Login -->
