<?xml version="1.0" encoding="UTF-8"?>
<!-- Generated by org.testng.reporters.JUnitReportReporter -->
<testsuite hostname="DESKTOP-ECUBPED" failures="0" tests="2" name="EventBuizz.EventBuizz.MyAPiAutomation" time="6.995" errors="0" timestamp="08 Mar 2022 12:20:38 GMT" skipped="0">
  <testcase classname="EventBuizz.EventBuizz.MyAPiAutomation" name="GetBooks1" time="0.797"/>
  <testcase classname="EventBuizz.EventBuizz.MyAPiAutomation" name="GetBooks" time="6.198"/>
</testsuite> <!-- EventBuizz.EventBuizz.MyAPiAutomation -->
