<?xml version="1.0" encoding="UTF-8"?>
<!-- Generated by org.testng.reporters.JUnitReportReporter -->
<testsuite hostname="DESKTOP-ECUBPED" failures="0" tests="7" name="EventBuizz.EventBuizz.curiato_Demo" time="21.516" errors="0" timestamp="26 Apr 2021 12:09:19 GMT" skipped="0">
  <testcase classname="EventBuizz.EventBuizz.curiato_Demo" name="ValidateThePageTitle" time="0.090"/>
  <testcase classname="EventBuizz.EventBuizz.curiato_Demo" name="ValidateTheFieldsHintText" time="5.202"/>
  <testcase classname="EventBuizz.EventBuizz.curiato_Demo" name="ValidateThatKeepMeSignIndex" time="0.133"/>
  <testcase classname="EventBuizz.EventBuizz.curiato_Demo" name="ValidateThatForgotPasswordIndex" time="0.190"/>
  <testcase classname="EventBuizz.EventBuizz.curiato_Demo" name="ValidateThatfieldsAreNotDisorderwhenMinimizetheScreen" time="10.701"/>
  <testcase classname="EventBuizz.EventBuizz.curiato_Demo" name="ValidateLoginWithWrongCombination" time="1.767"/>
  <testcase classname="EventBuizz.EventBuizz.curiato_Demo" name="ValidateLoginWithCorrectCombination" time="3.433"/>
</testsuite> <!-- EventBuizz.EventBuizz.curiato_Demo -->
