<?xml version="1.0" encoding="UTF-8"?>
<!-- Generated by org.testng.reporters.JUnitReportReporter -->
<testsuite hostname="DESKTOP-ECUBPED" failures="0" tests="7" name="EventBuizz.EventBuizz.curiato_Demo" time="21.566" errors="0" timestamp="28 May 2021 14:03:51 GMT" skipped="0">
  <testcase classname="EventBuizz.EventBuizz.curiato_Demo" name="ValidateThePageTitle" time="0.097"/>
  <testcase classname="EventBuizz.EventBuizz.curiato_Demo" name="ValidateTheFieldsHintText" time="5.178"/>
  <testcase classname="EventBuizz.EventBuizz.curiato_Demo" name="ValidateThatKeepMeSignIndex" time="0.097"/>
  <testcase classname="EventBuizz.EventBuizz.curiato_Demo" name="ValidateThatForgotPasswordIndex" time="0.151"/>
  <testcase classname="EventBuizz.EventBuizz.curiato_Demo" name="ValidateThatfieldsAreNotDisorderwhenMinimizetheScreen" time="10.673"/>
  <testcase classname="EventBuizz.EventBuizz.curiato_Demo" name="ValidateLoginWithWrongCombination" time="1.355"/>
  <testcase classname="EventBuizz.EventBuizz.curiato_Demo" name="ValidateLoginWithCorrectCombination" time="4.015"/>
</testsuite> <!-- EventBuizz.EventBuizz.curiato_Demo -->
