<?xml version="1.0" encoding="UTF-8"?>
<!-- Generated by org.testng.reporters.JUnitReportReporter -->
<testsuite hostname="DESKTOP-ECUBPED" failures="1" tests="11" name="TimeStreamGroup.Reconstream.Administration_ATM" time="31.182" errors="0" timestamp="19 Feb 2023 11:50:06 GMT" skipped="0">
  <testcase classname="TimeStreamGroup.Reconstream.Administration_ATM" name="VerifyThatAdministrationisVisible" time="4.651"/>
  <testcase classname="TimeStreamGroup.Reconstream.Administration_ATM" name="VerifyThatATMManagmentisVisible" time="4.203"/>
  <testcase classname="TimeStreamGroup.Reconstream.Administration_ATM" name="VerifyThatALLATMListIsShowing" time="6.447"/>
  <testcase classname="TimeStreamGroup.Reconstream.Administration_ATM" name="VerifyADDATMScreenOpened" time="2.592">
    <failure message="expected:&lt;ATM Records[1]&gt; but was:&lt;ATM Records[]&gt;" type="junit.framework.ComparisonFailure">
      <![CDATA[junit.framework.ComparisonFailure: expected:<ATM Records[1]> but was:<ATM Records[]>
at junit.framework.Assert.assertEquals(Assert.java:100)
at junit.framework.Assert.assertEquals(Assert.java:107)
at TimeStreamGroup.Reconstream.Administration_ATM.VerifyADDATMScreenOpened(Administration_ATM.java:82)
at java.base/jdk.internal.reflect.NativeMethodAccessorImpl.invoke0(Native Method)
at java.base/jdk.internal.reflect.NativeMethodAccessorImpl.invoke(NativeMethodAccessorImpl.java:64)
at java.base/jdk.internal.reflect.DelegatingMethodAccessorImpl.invoke(DelegatingMethodAccessorImpl.java:43)
at java.base/java.lang.reflect.Method.invoke(Method.java:564)
at org.testng.internal.MethodInvocationHelper.invokeMethod(MethodInvocationHelper.java:124)
at org.testng.internal.Invoker.invokeMethod(Invoker.java:583)
at org.testng.internal.Invoker.invokeTestMethod(Invoker.java:719)
at org.testng.internal.Invoker.invokeTestMethods(Invoker.java:989)
at org.testng.internal.TestMethodWorker.invokeTestMethods(TestMethodWorker.java:125)
at org.testng.internal.TestMethodWorker.run(TestMethodWorker.java:109)
at org.testng.TestRunner.privateRun(TestRunner.java:648)
at org.testng.TestRunner.run(TestRunner.java:505)
at org.testng.SuiteRunner.runTest(SuiteRunner.java:455)
at org.testng.SuiteRunner.runSequentially(SuiteRunner.java:450)
at org.testng.SuiteRunner.privateRun(SuiteRunner.java:415)
at org.testng.SuiteRunner.run(SuiteRunner.java:364)
at org.testng.SuiteRunnerWorker.runSuite(SuiteRunnerWorker.java:52)
at org.testng.SuiteRunnerWorker.run(SuiteRunnerWorker.java:84)
at org.testng.TestNG.runSuitesSequentially(TestNG.java:1208)
at org.testng.TestNG.runSuitesLocally(TestNG.java:1137)
at org.testng.TestNG.runSuites(TestNG.java:1049)
at org.testng.TestNG.run(TestNG.java:1017)
at org.testng.remote.AbstractRemoteTestNG.run(AbstractRemoteTestNG.java:115)
at org.testng.remote.RemoteTestNG.initAndRun(RemoteTestNG.java:251)
at org.testng.remote.RemoteTestNG.main(RemoteTestNG.java:77)
]]>
    </failure>
  </testcase> <!-- VerifyADDATMScreenOpened -->
  <testcase classname="TimeStreamGroup.Reconstream.Administration_ATM" name="VerifyThatterminalIDIsDisplayed" time="2.465"/>
  <testcase classname="TimeStreamGroup.Reconstream.Administration_ATM" name="VerifyCITFieldIsDisplayed" time="2.351"/>
  <testcase classname="TimeStreamGroup.Reconstream.Administration_ATM" name="VerifyDeviceLocationIsDisplayed" time="2.521"/>
  <testcase classname="TimeStreamGroup.Reconstream.Administration_ATM" name="VerifyRegionDropDownIsDisplayed" time="4.641"/>
  <testcase classname="TimeStreamGroup.Reconstream.Administration_ATM" name="VerifyThatIpAddressFieldIsdisplayed" time="0.663"/>
  <testcase classname="TimeStreamGroup.Reconstream.Administration_ATM" name="VerifyThatDeviceNameFieldIsdisplayed" time="0.416"/>
  <testcase classname="TimeStreamGroup.Reconstream.Administration_ATM" name="VerifyThatLatitudeFieldIsDisplayed" time="0.232"/>
</testsuite> <!-- TimeStreamGroup.Reconstream.Administration_ATM -->
