<?xml version="1.0" encoding="UTF-8"?>
<!-- Generated by org.testng.reporters.JUnitReportReporter -->
<testsuite hostname="DESKTOP-ECUBPED" failures="0" tests="3" name="EventBuizz.EventBuizz.MyAPiAutomation" time="18.968" errors="0" timestamp="15 Mar 2022 14:25:33 GMT" skipped="0">
  <testcase classname="EventBuizz.EventBuizz.MyAPiAutomation" name="GetBooks" time="11.826"/>
  <testcase classname="EventBuizz.EventBuizz.MyAPiAutomation" name="GetBooks1" time="1.576"/>
  <testcase classname="EventBuizz.EventBuizz.MyAPiAutomation" name="APiSutomation" time="5.566"/>
</testsuite> <!-- EventBuizz.EventBuizz.MyAPiAutomation -->
