<?xml version="1.0" encoding="UTF-8"?>
<!-- Generated by org.testng.reporters.JUnitReportReporter -->
<testsuite hostname="DESKTOP-ECUBPED" failures="0" tests="1" name="EventBuizz.EventBuizz.curiato_Demo" time="35.731" errors="0" timestamp="21 Jun 2021 08:18:05 GMT" skipped="0">
  <testcase classname="EventBuizz.EventBuizz.curiato_Demo" name="ValidatetheMovieRating" time="35.731"/>
</testsuite> <!-- EventBuizz.EventBuizz.curiato_Demo -->
